Sep  6 17:16:59.873 lbd[32672]: INFO: Starting lbd
Sep  6 17:16:59.874 lbd[32672]: WARNING: loadConfig Error: 
Sep  6 17:16:59.874 lbd[32672]: WARNING: open ./load-balancing.conf: no such file or directory
Sep  9 14:38:45.883 lbd[32469]: INFO: Starting lbd
Sep  9 14:38:45.884 lbd[32469]: WARNING: loadConfig Error: 
Sep  9 14:38:45.885 lbd[32469]: WARNING: open ./load-balancing.conf: no such file or directory
Sep  9 16:23:41.047 lbd[21888]: INFO: Starting lbd
Sep  9 16:23:41.074 lbd[21888]: WARNING: loadConfig Error: 
Sep  9 16:23:41.074 lbd[21888]: WARNING: open ./load-balancing.conf: no such file or directory
Sep  9 16:26:16.095 lbd[22347]: INFO: Starting lbd
Sep  9 16:26:16.096 lbd[22347]: INFO: Clusters loaded
Sep  9 16:26:16.096 lbd[22347]: INFO: Clusters loaded
Sep  9 16:26:16.097 lbd[22347]: INFO: Hostname: it-lcs-01
Sep  9 16:26:16.097 lbd[22347]: INFO: Checking if any of the 0 clusters needs updating
Sep  9 16:26:26.097 lbd[22347]: INFO: Hostname: it-lcs-01
Sep  9 16:26:26.098 lbd[22347]: INFO: Checking if any of the 0 clusters needs updating
Sep  9 16:26:36.097 lbd[22347]: INFO: Hostname: it-lcs-01
Sep  9 16:26:36.097 lbd[22347]: INFO: Checking if any of the 0 clusters needs updating
Sep  9 16:26:46.097 lbd[22347]: INFO: Hostname: it-lcs-01
Sep  9 16:26:46.098 lbd[22347]: INFO: Checking if any of the 0 clusters needs updating
Sep  9 16:26:56.097 lbd[22347]: INFO: Hostname: it-lcs-01
Sep  9 16:26:56.098 lbd[22347]: INFO: Checking if any of the 0 clusters needs updating
Sep  9 16:27:06.097 lbd[22347]: INFO: Hostname: it-lcs-01
Sep  9 16:27:06.098 lbd[22347]: INFO: Checking if any of the 0 clusters needs updating
Sep  9 16:27:16.097 lbd[22347]: INFO: Hostname: it-lcs-01
Sep  9 16:27:16.098 lbd[22347]: INFO: Checking if any of the 0 clusters needs updating
Sep  9 16:27:26.098 lbd[22347]: INFO: Hostname: it-lcs-01
Sep  9 16:27:26.099 lbd[22347]: INFO: Checking if any of the 0 clusters needs updating
Sep  9 16:27:36.098 lbd[22347]: INFO: Hostname: it-lcs-01
Sep  9 16:27:36.099 lbd[22347]: INFO: Checking if any of the 0 clusters needs updating
Sep  9 16:27:46.098 lbd[22347]: INFO: Hostname: it-lcs-01
Sep  9 16:27:46.099 lbd[22347]: INFO: Checking if any of the 0 clusters needs updating
Sep  9 16:27:56.098 lbd[22347]: INFO: Hostname: it-lcs-01
Sep  9 16:27:56.099 lbd[22347]: INFO: Checking if any of the 0 clusters needs updating
Sep  9 16:28:06.098 lbd[22347]: INFO: Hostname: it-lcs-01
Sep  9 16:28:06.100 lbd[22347]: INFO: Checking if any of the 0 clusters needs updating
Sep  9 16:28:16.098 lbd[22347]: INFO: Hostname: it-lcs-01
Sep  9 16:28:16.099 lbd[22347]: INFO: Checking if any of the 0 clusters needs updating
Sep  9 16:28:26.098 lbd[22347]: INFO: Hostname: it-lcs-01
Sep  9 16:28:26.099 lbd[22347]: INFO: Checking if any of the 0 clusters needs updating
Sep  9 16:28:36.099 lbd[22347]: INFO: Hostname: it-lcs-01
Sep  9 16:28:36.100 lbd[22347]: INFO: Checking if any of the 0 clusters needs updating
Sep  9 16:28:46.099 lbd[22347]: INFO: Hostname: it-lcs-01
Sep  9 16:28:46.100 lbd[22347]: INFO: Checking if any of the 0 clusters needs updating
Sep  9 16:28:56.099 lbd[22347]: INFO: Hostname: it-lcs-01
Sep  9 16:28:56.100 lbd[22347]: INFO: Checking if any of the 0 clusters needs updating
Sep  9 16:29:06.099 lbd[22347]: INFO: Hostname: it-lcs-01
Sep  9 16:29:06.100 lbd[22347]: INFO: Checking if any of the 0 clusters needs updating
Sep  9 16:29:16.099 lbd[22347]: INFO: Hostname: it-lcs-01
Sep  9 16:29:16.100 lbd[22347]: INFO: Checking if any of the 0 clusters needs updating
Sep  9 16:29:26.099 lbd[22347]: INFO: Hostname: it-lcs-01
Sep  9 16:29:26.100 lbd[22347]: INFO: Checking if any of the 0 clusters needs updating
Sep  9 16:29:36.099 lbd[22347]: INFO: Hostname: it-lcs-01
Sep  9 16:29:36.100 lbd[22347]: INFO: Checking if any of the 0 clusters needs updating
Sep  9 16:29:46.100 lbd[22347]: INFO: Hostname: it-lcs-01
Sep  9 16:29:46.101 lbd[22347]: INFO: Checking if any of the 0 clusters needs updating
Sep  9 16:29:56.100 lbd[22347]: INFO: Hostname: it-lcs-01
Sep  9 16:29:56.101 lbd[22347]: INFO: Checking if any of the 0 clusters needs updating
Sep  9 16:30:06.100 lbd[22347]: INFO: Hostname: it-lcs-01
Sep  9 16:30:06.102 lbd[22347]: INFO: Checking if any of the 0 clusters needs updating
Sep  9 16:30:16.100 lbd[22347]: INFO: Hostname: it-lcs-01
Sep  9 16:30:16.101 lbd[22347]: INFO: Checking if any of the 0 clusters needs updating
Sep  9 16:30:26.100 lbd[22347]: INFO: Hostname: it-lcs-01
Sep  9 16:30:26.102 lbd[22347]: INFO: Checking if any of the 0 clusters needs updating
Sep  9 16:30:36.100 lbd[22347]: INFO: Hostname: it-lcs-01
Sep  9 16:30:36.102 lbd[22347]: INFO: Checking if any of the 0 clusters needs updating
Sep  9 16:30:46.101 lbd[22347]: INFO: Hostname: it-lcs-01
Sep  9 16:30:46.102 lbd[22347]: INFO: Checking if any of the 0 clusters needs updating
Sep  9 16:30:56.101 lbd[22347]: INFO: Hostname: it-lcs-01
Sep  9 16:30:56.102 lbd[22347]: INFO: Checking if any of the 0 clusters needs updating
Sep  9 16:31:06.101 lbd[22347]: INFO: Hostname: it-lcs-01
Sep  9 16:31:06.102 lbd[22347]: INFO: Checking if any of the 0 clusters needs updating
Sep  9 16:31:16.101 lbd[22347]: INFO: Hostname: it-lcs-01
Sep  9 16:31:16.104 lbd[22347]: INFO: Checking if any of the 0 clusters needs updating
Sep  9 16:31:26.101 lbd[22347]: INFO: Hostname: it-lcs-01
Sep  9 16:31:26.103 lbd[22347]: INFO: Checking if any of the 0 clusters needs updating
Sep  9 16:31:36.101 lbd[22347]: INFO: Hostname: it-lcs-01
Sep  9 16:31:36.103 lbd[22347]: INFO: Checking if any of the 0 clusters needs updating
Sep  9 16:31:46.101 lbd[22347]: INFO: Hostname: it-lcs-01
Sep  9 16:31:46.103 lbd[22347]: INFO: Checking if any of the 0 clusters needs updating
Sep  9 16:31:56.101 lbd[22347]: INFO: Hostname: it-lcs-01
Sep  9 16:31:56.103 lbd[22347]: INFO: Checking if any of the 0 clusters needs updating
Sep  9 16:32:06.102 lbd[22347]: INFO: Hostname: it-lcs-01
Sep  9 16:32:06.103 lbd[22347]: INFO: Checking if any of the 0 clusters needs updating
Sep  9 16:32:16.102 lbd[22347]: INFO: Hostname: it-lcs-01
Sep  9 16:32:16.133 lbd[22347]: INFO: Checking if any of the 0 clusters needs updating
Sep  9 16:32:26.102 lbd[22347]: INFO: Hostname: it-lcs-01
Sep  9 16:32:26.103 lbd[22347]: INFO: Checking if any of the 0 clusters needs updating
Sep  9 16:32:36.102 lbd[22347]: INFO: Hostname: it-lcs-01
Sep  9 16:32:36.104 lbd[22347]: INFO: Checking if any of the 0 clusters needs updating
Sep  9 16:32:46.102 lbd[22347]: INFO: Hostname: it-lcs-01
Sep  9 16:32:46.103 lbd[22347]: INFO: Checking if any of the 0 clusters needs updating
Sep  9 16:32:56.102 lbd[22347]: INFO: Hostname: it-lcs-01
Sep  9 16:32:56.103 lbd[22347]: INFO: Checking if any of the 0 clusters needs updating
Sep  9 16:33:06.102 lbd[22347]: INFO: Hostname: it-lcs-01
Sep  9 16:33:06.104 lbd[22347]: INFO: Checking if any of the 0 clusters needs updating
Sep  9 16:33:16.103 lbd[22347]: INFO: Hostname: it-lcs-01
Sep  9 16:33:16.105 lbd[22347]: INFO: Checking if any of the 0 clusters needs updating
Sep  9 16:33:26.103 lbd[22347]: INFO: Hostname: it-lcs-01
Sep  9 16:33:26.105 lbd[22347]: INFO: Checking if any of the 0 clusters needs updating
Sep  9 16:33:36.103 lbd[22347]: INFO: Hostname: it-lcs-01
Sep  9 16:33:36.105 lbd[22347]: INFO: Checking if any of the 0 clusters needs updating
Sep  9 16:33:46.103 lbd[22347]: INFO: Hostname: it-lcs-01
Sep  9 16:33:46.105 lbd[22347]: INFO: Checking if any of the 0 clusters needs updating
Sep  9 16:33:56.103 lbd[22347]: INFO: Hostname: it-lcs-01
Sep  9 16:33:56.105 lbd[22347]: INFO: Checking if any of the 0 clusters needs updating
Sep  9 16:34:06.104 lbd[22347]: INFO: Hostname: it-lcs-01
Sep  9 16:34:06.105 lbd[22347]: INFO: Checking if any of the 0 clusters needs updating
Sep  9 16:34:16.104 lbd[22347]: INFO: Hostname: it-lcs-01
Sep  9 16:34:16.105 lbd[22347]: INFO: Checking if any of the 0 clusters needs updating
Sep  9 16:34:26.104 lbd[22347]: INFO: Hostname: it-lcs-01
Sep  9 16:34:26.105 lbd[22347]: INFO: Checking if any of the 0 clusters needs updating
Sep  9 16:34:36.104 lbd[22347]: INFO: Hostname: it-lcs-01
Sep  9 16:34:36.105 lbd[22347]: INFO: Checking if any of the 0 clusters needs updating
Sep  9 16:34:46.104 lbd[22347]: INFO: Hostname: it-lcs-01
Sep  9 16:34:46.106 lbd[22347]: INFO: Checking if any of the 0 clusters needs updating
Sep  9 16:34:56.104 lbd[22347]: INFO: Hostname: it-lcs-01
Sep  9 16:34:56.105 lbd[22347]: INFO: Checking if any of the 0 clusters needs updating
Sep  9 16:35:06.104 lbd[22347]: INFO: Hostname: it-lcs-01
Sep  9 16:35:06.106 lbd[22347]: INFO: Checking if any of the 0 clusters needs updating
Sep  9 16:35:16.105 lbd[22347]: INFO: Hostname: it-lcs-01
Sep  9 16:35:16.106 lbd[22347]: INFO: Checking if any of the 0 clusters needs updating
Sep  9 16:35:26.105 lbd[22347]: INFO: Hostname: it-lcs-01
Sep  9 16:35:26.106 lbd[22347]: INFO: Checking if any of the 0 clusters needs updating
Sep  9 16:35:36.105 lbd[22347]: INFO: Hostname: it-lcs-01
Sep  9 16:35:36.107 lbd[22347]: INFO: Checking if any of the 0 clusters needs updating
Sep  9 16:35:46.105 lbd[22347]: INFO: Hostname: it-lcs-01
Sep  9 16:35:46.107 lbd[22347]: INFO: Checking if any of the 0 clusters needs updating
Sep  9 16:35:56.105 lbd[22347]: INFO: Hostname: it-lcs-01
Sep  9 16:35:56.107 lbd[22347]: INFO: Checking if any of the 0 clusters needs updating
Sep  9 16:36:06.106 lbd[22347]: INFO: Hostname: it-lcs-01
Sep  9 16:36:06.107 lbd[22347]: INFO: Checking if any of the 0 clusters needs updating
Sep  9 16:36:16.106 lbd[22347]: INFO: Hostname: it-lcs-01
Sep  9 16:36:16.108 lbd[22347]: INFO: Checking if any of the 0 clusters needs updating
Sep  9 16:36:26.106 lbd[22347]: INFO: Hostname: it-lcs-01
Sep  9 16:36:26.108 lbd[22347]: INFO: Checking if any of the 0 clusters needs updating
Sep  9 16:36:36.106 lbd[22347]: INFO: Hostname: it-lcs-01
Sep  9 16:36:36.108 lbd[22347]: INFO: Checking if any of the 0 clusters needs updating
Sep  9 16:36:46.106 lbd[22347]: INFO: Hostname: it-lcs-01
Sep  9 16:36:46.108 lbd[22347]: INFO: Checking if any of the 0 clusters needs updating
Sep  9 16:36:56.106 lbd[22347]: INFO: Hostname: it-lcs-01
Sep  9 16:36:56.109 lbd[22347]: INFO: Checking if any of the 0 clusters needs updating
Sep  9 16:37:06.107 lbd[22347]: INFO: Hostname: it-lcs-01
Sep  9 16:37:06.109 lbd[22347]: INFO: Checking if any of the 0 clusters needs updating
Sep  9 16:37:16.107 lbd[22347]: INFO: Hostname: it-lcs-01
Sep  9 16:37:16.109 lbd[22347]: INFO: Checking if any of the 0 clusters needs updating
Sep  9 16:37:26.107 lbd[22347]: INFO: Hostname: it-lcs-01
Sep  9 16:37:26.296 lbd[22347]: INFO: Checking if any of the 0 clusters needs updating
Sep  9 16:37:36.107 lbd[22347]: INFO: Hostname: it-lcs-01
Sep  9 16:37:36.109 lbd[22347]: INFO: Checking if any of the 0 clusters needs updating
Sep  9 16:37:46.107 lbd[22347]: INFO: Hostname: it-lcs-01
Sep  9 16:37:46.109 lbd[22347]: INFO: Checking if any of the 0 clusters needs updating
Sep  9 16:37:56.108 lbd[22347]: INFO: Hostname: it-lcs-01
Sep  9 16:37:56.109 lbd[22347]: INFO: Checking if any of the 0 clusters needs updating
Sep  9 16:38:06.108 lbd[22347]: INFO: Hostname: it-lcs-01
Sep  9 16:38:06.110 lbd[22347]: INFO: Checking if any of the 0 clusters needs updating
Sep  9 16:38:16.108 lbd[22347]: INFO: Hostname: it-lcs-01
Sep  9 16:38:16.110 lbd[22347]: INFO: Checking if any of the 0 clusters needs updating
Sep  9 16:38:26.108 lbd[22347]: INFO: Hostname: it-lcs-01
Sep  9 16:38:26.110 lbd[22347]: INFO: Checking if any of the 0 clusters needs updating
Sep  9 16:38:36.108 lbd[22347]: INFO: Hostname: it-lcs-01
Sep  9 16:38:36.110 lbd[22347]: INFO: Checking if any of the 0 clusters needs updating
Sep  9 16:38:46.109 lbd[22347]: INFO: Hostname: it-lcs-01
Sep  9 16:38:46.111 lbd[22347]: INFO: Checking if any of the 0 clusters needs updating
Sep  9 16:38:56.109 lbd[22347]: INFO: Hostname: it-lcs-01
Sep  9 16:38:56.111 lbd[22347]: INFO: Checking if any of the 0 clusters needs updating
Sep  9 16:39:06.109 lbd[22347]: INFO: Hostname: it-lcs-01
Sep  9 16:39:06.111 lbd[22347]: INFO: Checking if any of the 0 clusters needs updating
Sep  9 16:39:16.109 lbd[22347]: INFO: Hostname: it-lcs-01
Sep  9 16:39:16.111 lbd[22347]: INFO: Checking if any of the 0 clusters needs updating
Sep  9 16:39:26.109 lbd[22347]: INFO: Hostname: it-lcs-01
Sep  9 16:39:26.111 lbd[22347]: INFO: Checking if any of the 0 clusters needs updating
Sep  9 16:39:36.109 lbd[22347]: INFO: Hostname: it-lcs-01
Sep  9 16:39:36.112 lbd[22347]: INFO: Checking if any of the 0 clusters needs updating
Sep  9 16:39:46.110 lbd[22347]: INFO: Hostname: it-lcs-01
Sep  9 16:39:46.111 lbd[22347]: INFO: Checking if any of the 0 clusters needs updating
Sep  9 16:39:56.110 lbd[22347]: INFO: Hostname: it-lcs-01
Sep  9 16:39:56.111 lbd[22347]: INFO: Checking if any of the 0 clusters needs updating
Sep  9 16:40:06.110 lbd[22347]: INFO: Hostname: it-lcs-01
Sep  9 16:40:06.114 lbd[22347]: INFO: Checking if any of the 0 clusters needs updating
Sep  9 16:40:16.110 lbd[22347]: INFO: Hostname: it-lcs-01
Sep  9 16:40:16.112 lbd[22347]: INFO: Checking if any of the 0 clusters needs updating
Sep  9 16:40:26.110 lbd[22347]: INFO: Hostname: it-lcs-01
Sep  9 16:40:26.112 lbd[22347]: INFO: Checking if any of the 0 clusters needs updating
Sep  9 16:40:36.110 lbd[22347]: INFO: Hostname: it-lcs-01
Sep  9 16:40:36.112 lbd[22347]: INFO: Checking if any of the 0 clusters needs updating
Sep  9 16:40:46.110 lbd[22347]: INFO: Hostname: it-lcs-01
Sep  9 16:40:46.113 lbd[22347]: INFO: Checking if any of the 0 clusters needs updating
Sep  9 16:40:56.111 lbd[22347]: INFO: Hostname: it-lcs-01
Sep  9 16:40:56.112 lbd[22347]: INFO: Checking if any of the 0 clusters needs updating
Sep  9 16:41:06.111 lbd[22347]: INFO: Hostname: it-lcs-01
Sep  9 16:41:06.113 lbd[22347]: INFO: Checking if any of the 0 clusters needs updating
Sep  9 16:41:16.111 lbd[22347]: INFO: Hostname: it-lcs-01
Sep  9 16:41:16.112 lbd[22347]: INFO: Checking if any of the 0 clusters needs updating
Sep  9 16:41:26.111 lbd[22347]: INFO: Hostname: it-lcs-01
Sep  9 16:41:26.113 lbd[22347]: INFO: Checking if any of the 0 clusters needs updating
Sep  9 16:41:36.111 lbd[22347]: INFO: Hostname: it-lcs-01
Sep  9 16:41:36.114 lbd[22347]: INFO: Checking if any of the 0 clusters needs updating
Sep  9 16:41:46.111 lbd[22347]: INFO: Hostname: it-lcs-01
Sep  9 16:41:46.113 lbd[22347]: INFO: Checking if any of the 0 clusters needs updating
Sep  9 16:41:56.111 lbd[22347]: INFO: Hostname: it-lcs-01
Sep  9 16:41:56.113 lbd[22347]: INFO: Checking if any of the 0 clusters needs updating
Sep  9 16:42:06.111 lbd[22347]: INFO: Hostname: it-lcs-01
Sep  9 16:42:06.113 lbd[22347]: INFO: Checking if any of the 0 clusters needs updating
Sep  9 16:42:16.112 lbd[22347]: INFO: Hostname: it-lcs-01
Sep  9 16:42:16.114 lbd[22347]: INFO: Checking if any of the 0 clusters needs updating
Sep  9 16:42:26.112 lbd[22347]: INFO: Hostname: it-lcs-01
Sep  9 16:42:26.873 lbd[22347]: INFO: Checking if any of the 0 clusters needs updating
Sep  9 16:42:36.112 lbd[22347]: INFO: Hostname: it-lcs-01
Sep  9 16:42:36.114 lbd[22347]: INFO: Checking if any of the 0 clusters needs updating
Sep  9 16:42:46.112 lbd[22347]: INFO: Hostname: it-lcs-01
Sep  9 16:42:46.114 lbd[22347]: INFO: Checking if any of the 0 clusters needs updating
Sep  9 16:42:56.112 lbd[22347]: INFO: Hostname: it-lcs-01
Sep  9 16:42:56.114 lbd[22347]: INFO: Checking if any of the 0 clusters needs updating
Sep  9 16:43:06.112 lbd[22347]: INFO: Hostname: it-lcs-01
Sep  9 16:43:06.115 lbd[22347]: INFO: Checking if any of the 0 clusters needs updating
Sep  9 16:43:16.113 lbd[22347]: INFO: Hostname: it-lcs-01
Sep  9 16:43:16.114 lbd[22347]: INFO: Checking if any of the 0 clusters needs updating
Sep  9 16:43:26.113 lbd[22347]: INFO: Hostname: it-lcs-01
Sep  9 16:43:26.519 lbd[22347]: INFO: Checking if any of the 0 clusters needs updating
Sep  9 16:43:36.113 lbd[22347]: INFO: Hostname: it-lcs-01
Sep  9 16:43:36.114 lbd[22347]: INFO: Checking if any of the 0 clusters needs updating
Sep  9 16:43:46.113 lbd[22347]: INFO: Hostname: it-lcs-01
Sep  9 16:43:46.115 lbd[22347]: INFO: Checking if any of the 0 clusters needs updating
Sep  9 16:43:56.113 lbd[22347]: INFO: Hostname: it-lcs-01
Sep  9 16:43:56.115 lbd[22347]: INFO: Checking if any of the 0 clusters needs updating
Sep  9 16:44:06.113 lbd[22347]: INFO: Hostname: it-lcs-01
Sep  9 16:44:06.116 lbd[22347]: INFO: Checking if any of the 0 clusters needs updating
Sep  9 16:44:16.113 lbd[22347]: INFO: Hostname: it-lcs-01
Sep  9 16:44:16.115 lbd[22347]: INFO: Checking if any of the 0 clusters needs updating
Sep  9 16:44:26.114 lbd[22347]: INFO: Hostname: it-lcs-01
Sep  9 16:44:26.115 lbd[22347]: INFO: Checking if any of the 0 clusters needs updating
Sep  9 16:44:36.114 lbd[22347]: INFO: Hostname: it-lcs-01
Sep  9 16:44:36.115 lbd[22347]: INFO: Checking if any of the 0 clusters needs updating
Sep  9 16:44:46.114 lbd[22347]: INFO: Hostname: it-lcs-01
Sep  9 16:44:46.116 lbd[22347]: INFO: Checking if any of the 0 clusters needs updating
Sep  9 16:44:56.114 lbd[22347]: INFO: Hostname: it-lcs-01
Sep  9 16:44:56.116 lbd[22347]: INFO: Checking if any of the 0 clusters needs updating
Sep  9 16:45:06.114 lbd[22347]: INFO: Hostname: it-lcs-01
Sep  9 16:45:06.117 lbd[22347]: INFO: Checking if any of the 0 clusters needs updating
Sep  9 16:45:16.114 lbd[22347]: INFO: Hostname: it-lcs-01
Sep  9 16:45:16.116 lbd[22347]: INFO: Checking if any of the 0 clusters needs updating
Sep  9 16:45:26.115 lbd[22347]: INFO: Hostname: it-lcs-01
Sep  9 16:45:26.117 lbd[22347]: INFO: Checking if any of the 0 clusters needs updating
Sep  9 16:45:36.115 lbd[22347]: INFO: Hostname: it-lcs-01
Sep  9 16:45:36.116 lbd[22347]: INFO: Checking if any of the 0 clusters needs updating
Sep  9 16:45:46.115 lbd[22347]: INFO: Hostname: it-lcs-01
Sep  9 16:45:46.116 lbd[22347]: INFO: Checking if any of the 0 clusters needs updating
Sep  9 16:45:56.115 lbd[22347]: INFO: Hostname: it-lcs-01
Sep  9 16:45:56.116 lbd[22347]: INFO: Checking if any of the 0 clusters needs updating
Sep  9 16:46:06.115 lbd[22347]: INFO: Hostname: it-lcs-01
Sep  9 16:46:06.117 lbd[22347]: INFO: Checking if any of the 0 clusters needs updating
Sep  9 16:46:16.115 lbd[22347]: INFO: Hostname: it-lcs-01
Sep  9 16:46:16.117 lbd[22347]: INFO: Checking if any of the 0 clusters needs updating
Sep  9 16:46:26.115 lbd[22347]: INFO: Hostname: it-lcs-01
Sep  9 16:46:26.118 lbd[22347]: INFO: Checking if any of the 0 clusters needs updating
Sep  9 16:46:36.115 lbd[22347]: INFO: Hostname: it-lcs-01
Sep  9 16:46:36.117 lbd[22347]: INFO: Checking if any of the 0 clusters needs updating
Sep  9 16:46:46.116 lbd[22347]: INFO: Hostname: it-lcs-01
Sep  9 16:46:46.117 lbd[22347]: INFO: Checking if any of the 0 clusters needs updating
Sep  9 16:46:56.116 lbd[22347]: INFO: Hostname: it-lcs-01
Sep  9 16:46:56.117 lbd[22347]: INFO: Checking if any of the 0 clusters needs updating
Sep  9 16:47:06.116 lbd[22347]: INFO: Hostname: it-lcs-01
Sep  9 16:47:06.118 lbd[22347]: INFO: Checking if any of the 0 clusters needs updating
Sep  9 16:47:16.116 lbd[22347]: INFO: Hostname: it-lcs-01
Sep  9 16:47:16.118 lbd[22347]: INFO: Checking if any of the 0 clusters needs updating
Sep  9 16:47:26.116 lbd[22347]: INFO: Hostname: it-lcs-01
Sep  9 16:47:26.119 lbd[22347]: INFO: Checking if any of the 0 clusters needs updating
Sep  9 16:47:36.116 lbd[22347]: INFO: Hostname: it-lcs-01
Sep  9 16:47:36.119 lbd[22347]: INFO: Checking if any of the 0 clusters needs updating
Sep  9 16:47:46.117 lbd[22347]: INFO: Hostname: it-lcs-01
Sep  9 16:47:46.119 lbd[22347]: INFO: Checking if any of the 0 clusters needs updating
Sep  9 16:47:56.117 lbd[22347]: INFO: Hostname: it-lcs-01
Sep  9 16:47:56.118 lbd[22347]: INFO: Checking if any of the 0 clusters needs updating
Sep  9 16:48:06.117 lbd[22347]: INFO: Hostname: it-lcs-01
Sep  9 16:48:06.119 lbd[22347]: INFO: Checking if any of the 0 clusters needs updating
Sep  9 16:48:16.117 lbd[22347]: INFO: Hostname: it-lcs-01
Sep  9 16:48:16.118 lbd[22347]: INFO: Checking if any of the 0 clusters needs updating
Sep  9 16:48:26.117 lbd[22347]: INFO: Hostname: it-lcs-01
Sep  9 16:48:26.119 lbd[22347]: INFO: Checking if any of the 0 clusters needs updating
Sep  9 16:48:36.117 lbd[22347]: INFO: Hostname: it-lcs-01
Sep  9 16:48:36.119 lbd[22347]: INFO: Checking if any of the 0 clusters needs updating
Sep  9 16:48:46.117 lbd[22347]: INFO: Hostname: it-lcs-01
Sep  9 16:48:46.119 lbd[22347]: INFO: Checking if any of the 0 clusters needs updating
Sep  9 16:48:56.117 lbd[22347]: INFO: Hostname: it-lcs-01
Sep  9 16:48:56.119 lbd[22347]: INFO: Checking if any of the 0 clusters needs updating
Sep  9 16:49:06.117 lbd[22347]: INFO: Hostname: it-lcs-01
Sep  9 16:49:06.120 lbd[22347]: INFO: Checking if any of the 0 clusters needs updating
Sep  9 16:49:16.118 lbd[22347]: INFO: Hostname: it-lcs-01
Sep  9 16:49:16.119 lbd[22347]: INFO: Checking if any of the 0 clusters needs updating
Sep  9 16:49:26.118 lbd[22347]: INFO: Hostname: it-lcs-01
Sep  9 16:49:26.121 lbd[22347]: INFO: Checking if any of the 0 clusters needs updating
Sep  9 16:49:36.118 lbd[22347]: INFO: Hostname: it-lcs-01
Sep  9 16:49:36.120 lbd[22347]: INFO: Checking if any of the 0 clusters needs updating
Sep  9 16:49:46.118 lbd[22347]: INFO: Hostname: it-lcs-01
Sep  9 16:49:46.121 lbd[22347]: INFO: Checking if any of the 0 clusters needs updating
Sep  9 16:49:56.118 lbd[22347]: INFO: Hostname: it-lcs-01
Sep  9 16:49:56.120 lbd[22347]: INFO: Checking if any of the 0 clusters needs updating
Sep  9 16:50:06.118 lbd[22347]: INFO: Hostname: it-lcs-01
Sep  9 16:50:06.120 lbd[22347]: INFO: Checking if any of the 0 clusters needs updating
Sep  9 16:50:16.118 lbd[22347]: INFO: Hostname: it-lcs-01
Sep  9 16:50:16.120 lbd[22347]: INFO: Checking if any of the 0 clusters needs updating
Sep  9 16:50:26.119 lbd[22347]: INFO: Hostname: it-lcs-01
Sep  9 16:50:26.120 lbd[22347]: INFO: Checking if any of the 0 clusters needs updating
Sep  9 16:50:36.119 lbd[22347]: INFO: Hostname: it-lcs-01
Sep  9 16:50:36.121 lbd[22347]: INFO: Checking if any of the 0 clusters needs updating
Sep  9 16:50:46.119 lbd[22347]: INFO: Hostname: it-lcs-01
Sep  9 16:50:46.121 lbd[22347]: INFO: Checking if any of the 0 clusters needs updating
Sep  9 16:50:56.119 lbd[22347]: INFO: Hostname: it-lcs-01
Sep  9 16:50:56.122 lbd[22347]: INFO: Checking if any of the 0 clusters needs updating
Sep  9 16:51:06.119 lbd[22347]: INFO: Hostname: it-lcs-01
Sep  9 16:51:06.121 lbd[22347]: INFO: Checking if any of the 0 clusters needs updating
Sep  9 16:51:16.119 lbd[22347]: INFO: Hostname: it-lcs-01
Sep  9 16:51:16.121 lbd[22347]: INFO: Checking if any of the 0 clusters needs updating
Sep  9 16:51:26.120 lbd[22347]: INFO: Hostname: it-lcs-01
Sep  9 16:51:26.121 lbd[22347]: INFO: Checking if any of the 0 clusters needs updating
Sep  9 16:51:36.120 lbd[22347]: INFO: Hostname: it-lcs-01
Sep  9 16:51:36.121 lbd[22347]: INFO: Checking if any of the 0 clusters needs updating
Sep  9 16:51:46.120 lbd[22347]: INFO: Hostname: it-lcs-01
Sep  9 16:51:46.122 lbd[22347]: INFO: Checking if any of the 0 clusters needs updating
Sep  9 16:51:56.120 lbd[22347]: INFO: Hostname: it-lcs-01
Sep  9 16:51:56.122 lbd[22347]: INFO: Checking if any of the 0 clusters needs updating
Sep  9 16:52:06.120 lbd[22347]: INFO: Hostname: it-lcs-01
Sep  9 16:52:06.122 lbd[22347]: INFO: Checking if any of the 0 clusters needs updating
Sep  9 16:52:16.120 lbd[22347]: INFO: Hostname: it-lcs-01
Sep  9 16:52:16.122 lbd[22347]: INFO: Checking if any of the 0 clusters needs updating
Sep  9 16:52:26.120 lbd[22347]: INFO: Hostname: it-lcs-01
Sep  9 16:52:26.122 lbd[22347]: INFO: Checking if any of the 0 clusters needs updating
Sep  9 16:52:36.120 lbd[22347]: INFO: Hostname: it-lcs-01
Sep  9 16:52:36.122 lbd[22347]: INFO: Checking if any of the 0 clusters needs updating
Sep  9 16:52:46.120 lbd[22347]: INFO: Hostname: it-lcs-01
Sep  9 16:52:46.122 lbd[22347]: INFO: Checking if any of the 0 clusters needs updating
Sep  9 16:52:56.120 lbd[22347]: INFO: Hostname: it-lcs-01
Sep  9 16:52:56.122 lbd[22347]: INFO: Checking if any of the 0 clusters needs updating
Sep  9 16:53:06.121 lbd[22347]: INFO: Hostname: it-lcs-01
Sep  9 16:53:06.141 lbd[22347]: INFO: Checking if any of the 0 clusters needs updating
Sep  9 16:53:16.121 lbd[22347]: INFO: Hostname: it-lcs-01
Sep  9 16:53:16.122 lbd[22347]: INFO: Checking if any of the 0 clusters needs updating
Sep  9 16:53:26.121 lbd[22347]: INFO: Hostname: it-lcs-01
Sep  9 16:53:26.123 lbd[22347]: INFO: Checking if any of the 0 clusters needs updating
Sep  9 16:53:36.121 lbd[22347]: INFO: Hostname: it-lcs-01
Sep  9 16:53:36.151 lbd[22347]: INFO: Checking if any of the 0 clusters needs updating
Sep  9 16:53:46.121 lbd[22347]: INFO: Hostname: it-lcs-01
Sep  9 16:53:46.123 lbd[22347]: INFO: Checking if any of the 0 clusters needs updating
Sep  9 16:53:56.121 lbd[22347]: INFO: Hostname: it-lcs-01
Sep  9 16:53:56.123 lbd[22347]: INFO: Checking if any of the 0 clusters needs updating
Sep  9 16:54:06.121 lbd[22347]: INFO: Hostname: it-lcs-01
Sep  9 16:54:06.124 lbd[22347]: INFO: Checking if any of the 0 clusters needs updating
Sep  9 16:54:16.122 lbd[22347]: INFO: Hostname: it-lcs-01
Sep  9 16:54:16.124 lbd[22347]: INFO: Checking if any of the 0 clusters needs updating
Sep  9 16:54:26.122 lbd[22347]: INFO: Hostname: it-lcs-01
Sep  9 16:54:26.124 lbd[22347]: INFO: Checking if any of the 0 clusters needs updating
Sep  9 16:54:36.122 lbd[22347]: INFO: Hostname: it-lcs-01
Sep  9 16:54:36.124 lbd[22347]: INFO: Checking if any of the 0 clusters needs updating
Sep  9 16:54:46.122 lbd[22347]: INFO: Hostname: it-lcs-01
Sep  9 16:54:46.124 lbd[22347]: INFO: Checking if any of the 0 clusters needs updating
Sep  9 16:54:56.122 lbd[22347]: INFO: Hostname: it-lcs-01
Sep  9 16:54:56.124 lbd[22347]: INFO: Checking if any of the 0 clusters needs updating
Sep  9 16:55:06.122 lbd[22347]: INFO: Hostname: it-lcs-01
Sep  9 16:55:06.127 lbd[22347]: INFO: Checking if any of the 0 clusters needs updating
Sep  9 16:55:16.122 lbd[22347]: INFO: Hostname: it-lcs-01
Sep  9 16:55:16.124 lbd[22347]: INFO: Checking if any of the 0 clusters needs updating
Sep  9 16:55:26.123 lbd[22347]: INFO: Hostname: it-lcs-01
Sep  9 16:55:26.778 lbd[22347]: INFO: Checking if any of the 0 clusters needs updating
Sep  9 16:55:36.123 lbd[22347]: INFO: Hostname: it-lcs-01
Sep  9 16:55:36.125 lbd[22347]: INFO: Checking if any of the 0 clusters needs updating
Sep  9 16:55:46.123 lbd[22347]: INFO: Hostname: it-lcs-01
Sep  9 16:55:46.125 lbd[22347]: INFO: Checking if any of the 0 clusters needs updating
Sep  9 16:55:56.123 lbd[22347]: INFO: Hostname: it-lcs-01
Sep  9 16:55:56.125 lbd[22347]: INFO: Checking if any of the 0 clusters needs updating
Sep  9 16:56:06.123 lbd[22347]: INFO: Hostname: it-lcs-01
Sep  9 16:56:06.125 lbd[22347]: INFO: Checking if any of the 0 clusters needs updating
Sep  9 16:56:16.123 lbd[22347]: INFO: Hostname: it-lcs-01
Sep  9 16:56:16.125 lbd[22347]: INFO: Checking if any of the 0 clusters needs updating
Sep  9 16:56:26.123 lbd[22347]: INFO: Hostname: it-lcs-01
Sep  9 16:56:26.130 lbd[22347]: INFO: Checking if any of the 0 clusters needs updating
Sep  9 16:56:36.124 lbd[22347]: INFO: Hostname: it-lcs-01
Sep  9 16:56:36.126 lbd[22347]: INFO: Checking if any of the 0 clusters needs updating
Sep  9 16:56:46.124 lbd[22347]: INFO: Hostname: it-lcs-01
Sep  9 16:56:46.126 lbd[22347]: INFO: Checking if any of the 0 clusters needs updating
Sep  9 16:56:56.124 lbd[22347]: INFO: Hostname: it-lcs-01
Sep  9 16:56:56.126 lbd[22347]: INFO: Checking if any of the 0 clusters needs updating
Sep  9 16:57:06.124 lbd[22347]: INFO: Hostname: it-lcs-01
Sep  9 16:57:06.127 lbd[22347]: INFO: Checking if any of the 0 clusters needs updating
Sep  9 16:57:16.124 lbd[22347]: INFO: Hostname: it-lcs-01
Sep  9 16:57:16.126 lbd[22347]: INFO: Checking if any of the 0 clusters needs updating
Sep  9 16:57:26.124 lbd[22347]: INFO: Hostname: it-lcs-01
Sep  9 16:57:26.126 lbd[22347]: INFO: Checking if any of the 0 clusters needs updating
Sep  9 16:57:36.124 lbd[22347]: INFO: Hostname: it-lcs-01
Sep  9 16:57:36.126 lbd[22347]: INFO: Checking if any of the 0 clusters needs updating
Sep  9 16:57:46.124 lbd[22347]: INFO: Hostname: it-lcs-01
Sep  9 16:57:46.126 lbd[22347]: INFO: Checking if any of the 0 clusters needs updating
Sep  9 16:57:56.125 lbd[22347]: INFO: Hostname: it-lcs-01
Sep  9 16:57:56.127 lbd[22347]: INFO: Checking if any of the 0 clusters needs updating
Sep  9 16:58:06.125 lbd[22347]: INFO: Hostname: it-lcs-01
Sep  9 16:58:06.128 lbd[22347]: INFO: Checking if any of the 0 clusters needs updating
Sep  9 16:58:16.125 lbd[22347]: INFO: Hostname: it-lcs-01
Sep  9 16:58:16.128 lbd[22347]: INFO: Checking if any of the 0 clusters needs updating
Sep  9 16:58:26.125 lbd[22347]: INFO: Hostname: it-lcs-01
Sep  9 16:58:26.128 lbd[22347]: INFO: Checking if any of the 0 clusters needs updating
Sep  9 16:58:36.125 lbd[22347]: INFO: Hostname: it-lcs-01
Sep  9 16:58:36.128 lbd[22347]: INFO: Checking if any of the 0 clusters needs updating
Sep  9 16:58:46.126 lbd[22347]: INFO: Hostname: it-lcs-01
Sep  9 16:58:46.128 lbd[22347]: INFO: Checking if any of the 0 clusters needs updating
Sep  9 16:58:56.126 lbd[22347]: INFO: Hostname: it-lcs-01
Sep  9 16:58:56.128 lbd[22347]: INFO: Checking if any of the 0 clusters needs updating
Sep  9 16:59:06.126 lbd[22347]: INFO: Hostname: it-lcs-01
Sep  9 16:59:06.128 lbd[22347]: INFO: Checking if any of the 0 clusters needs updating
Sep  9 16:59:16.126 lbd[22347]: INFO: Hostname: it-lcs-01
Sep  9 16:59:16.128 lbd[22347]: INFO: Checking if any of the 0 clusters needs updating
Sep  9 16:59:26.126 lbd[22347]: INFO: Hostname: it-lcs-01
Sep  9 16:59:26.129 lbd[22347]: INFO: Checking if any of the 0 clusters needs updating
Sep  9 16:59:36.126 lbd[22347]: INFO: Hostname: it-lcs-01
Sep  9 16:59:36.128 lbd[22347]: INFO: Checking if any of the 0 clusters needs updating
Sep  9 16:59:46.126 lbd[22347]: INFO: Hostname: it-lcs-01
Sep  9 16:59:46.128 lbd[22347]: INFO: Checking if any of the 0 clusters needs updating
Sep  9 16:59:56.126 lbd[22347]: INFO: Hostname: it-lcs-01
Sep  9 16:59:56.128 lbd[22347]: INFO: Checking if any of the 0 clusters needs updating
Sep  9 17:00:06.127 lbd[22347]: INFO: Hostname: it-lcs-01
Sep  9 17:00:06.128 lbd[22347]: INFO: Checking if any of the 0 clusters needs updating
Sep  9 17:00:16.127 lbd[22347]: INFO: Hostname: it-lcs-01
Sep  9 17:00:16.129 lbd[22347]: INFO: Checking if any of the 0 clusters needs updating
Sep  9 17:00:26.127 lbd[22347]: INFO: Hostname: it-lcs-01
Sep  9 17:00:26.129 lbd[22347]: INFO: Checking if any of the 0 clusters needs updating
Sep  9 17:00:36.127 lbd[22347]: INFO: Hostname: it-lcs-01
Sep  9 17:00:36.129 lbd[22347]: INFO: Checking if any of the 0 clusters needs updating
Sep  9 17:00:46.127 lbd[22347]: INFO: Hostname: it-lcs-01
Sep  9 17:00:46.129 lbd[22347]: INFO: Checking if any of the 0 clusters needs updating
Sep  9 17:00:56.127 lbd[22347]: INFO: Hostname: it-lcs-01
Sep  9 17:00:56.129 lbd[22347]: INFO: Checking if any of the 0 clusters needs updating
Sep  9 17:01:06.127 lbd[22347]: INFO: Hostname: it-lcs-01
Sep  9 17:01:06.132 lbd[22347]: INFO: Checking if any of the 0 clusters needs updating
Sep  9 17:01:16.127 lbd[22347]: INFO: Hostname: it-lcs-01
Sep  9 17:01:16.131 lbd[22347]: INFO: Checking if any of the 0 clusters needs updating
Sep  9 17:01:26.128 lbd[22347]: INFO: Hostname: it-lcs-01
Sep  9 17:01:26.220 lbd[22347]: INFO: Checking if any of the 0 clusters needs updating
Sep  9 17:01:36.128 lbd[22347]: INFO: Hostname: it-lcs-01
Sep  9 17:01:36.149 lbd[22347]: INFO: Checking if any of the 0 clusters needs updating
Sep  9 17:01:46.128 lbd[22347]: INFO: Hostname: it-lcs-01
Sep  9 17:01:46.130 lbd[22347]: INFO: Checking if any of the 0 clusters needs updating
Sep  9 17:01:56.128 lbd[22347]: INFO: Hostname: it-lcs-01
Sep  9 17:01:56.130 lbd[22347]: INFO: Checking if any of the 0 clusters needs updating
Sep  9 17:02:06.128 lbd[22347]: INFO: Hostname: it-lcs-01
Sep  9 17:02:06.130 lbd[22347]: INFO: Checking if any of the 0 clusters needs updating
Sep  9 17:02:16.128 lbd[22347]: INFO: Hostname: it-lcs-01
Sep  9 17:02:16.130 lbd[22347]: INFO: Checking if any of the 0 clusters needs updating
Sep  9 17:02:26.129 lbd[22347]: INFO: Hostname: it-lcs-01
Sep  9 17:02:26.131 lbd[22347]: INFO: Checking if any of the 0 clusters needs updating
Sep  9 17:02:36.129 lbd[22347]: INFO: Hostname: it-lcs-01
Sep  9 17:02:36.133 lbd[22347]: INFO: Checking if any of the 0 clusters needs updating
Sep  9 17:02:46.129 lbd[22347]: INFO: Hostname: it-lcs-01
Sep  9 17:02:46.131 lbd[22347]: INFO: Checking if any of the 0 clusters needs updating
Sep  9 17:02:56.129 lbd[22347]: INFO: Hostname: it-lcs-01
Sep  9 17:02:56.131 lbd[22347]: INFO: Checking if any of the 0 clusters needs updating
Sep  9 17:03:06.129 lbd[22347]: INFO: Hostname: it-lcs-01
Sep  9 17:03:06.133 lbd[22347]: INFO: Checking if any of the 0 clusters needs updating
Sep  9 17:03:16.129 lbd[22347]: INFO: Hostname: it-lcs-01
Sep  9 17:03:16.131 lbd[22347]: INFO: Checking if any of the 0 clusters needs updating
Sep  9 17:03:26.129 lbd[22347]: INFO: Hostname: it-lcs-01
Sep  9 17:03:26.132 lbd[22347]: INFO: Checking if any of the 0 clusters needs updating
Sep  9 17:03:36.130 lbd[22347]: INFO: Hostname: it-lcs-01
Sep  9 17:03:36.131 lbd[22347]: INFO: Checking if any of the 0 clusters needs updating
Sep  9 17:03:46.130 lbd[22347]: INFO: Hostname: it-lcs-01
Sep  9 17:03:46.131 lbd[22347]: INFO: Checking if any of the 0 clusters needs updating
Sep  9 17:03:56.130 lbd[22347]: INFO: Hostname: it-lcs-01
Sep  9 17:03:56.133 lbd[22347]: INFO: Checking if any of the 0 clusters needs updating
Sep  9 17:04:06.130 lbd[22347]: INFO: Hostname: it-lcs-01
Sep  9 17:04:06.132 lbd[22347]: INFO: Checking if any of the 0 clusters needs updating
Sep  9 17:04:16.130 lbd[22347]: INFO: Hostname: it-lcs-01
Sep  9 17:04:16.133 lbd[22347]: INFO: Checking if any of the 0 clusters needs updating
Sep  9 17:04:26.130 lbd[22347]: INFO: Hostname: it-lcs-01
Sep  9 17:04:26.133 lbd[22347]: INFO: Checking if any of the 0 clusters needs updating
Sep  9 17:04:36.130 lbd[22347]: INFO: Hostname: it-lcs-01
Sep  9 17:04:36.133 lbd[22347]: INFO: Checking if any of the 0 clusters needs updating
Sep  9 17:04:46.131 lbd[22347]: INFO: Hostname: it-lcs-01
Sep  9 17:04:46.133 lbd[22347]: INFO: Checking if any of the 0 clusters needs updating
Sep  9 17:04:56.131 lbd[22347]: INFO: Hostname: it-lcs-01
Sep  9 17:04:56.133 lbd[22347]: INFO: Checking if any of the 0 clusters needs updating
Sep  9 17:05:06.131 lbd[22347]: INFO: Hostname: it-lcs-01
Sep  9 17:05:06.134 lbd[22347]: INFO: Checking if any of the 0 clusters needs updating
Sep  9 17:05:16.131 lbd[22347]: INFO: Hostname: it-lcs-01
Sep  9 17:05:16.133 lbd[22347]: INFO: Checking if any of the 0 clusters needs updating
Sep  9 17:05:26.131 lbd[22347]: INFO: Hostname: it-lcs-01
Sep  9 17:05:26.133 lbd[22347]: INFO: Checking if any of the 0 clusters needs updating
Sep  9 17:05:36.131 lbd[22347]: INFO: Hostname: it-lcs-01
Sep  9 17:05:36.133 lbd[22347]: INFO: Checking if any of the 0 clusters needs updating
Sep  9 17:05:46.131 lbd[22347]: INFO: Hostname: it-lcs-01
Sep  9 17:05:46.133 lbd[22347]: INFO: Checking if any of the 0 clusters needs updating
Sep  9 17:05:56.132 lbd[22347]: INFO: Hostname: it-lcs-01
Sep  9 17:05:56.133 lbd[22347]: INFO: Checking if any of the 0 clusters needs updating
Sep  9 17:06:06.132 lbd[22347]: INFO: Hostname: it-lcs-01
Sep  9 17:06:06.134 lbd[22347]: INFO: Checking if any of the 0 clusters needs updating
